<?xml version="1.0" encoding="UTF-8"?>
<testsuite xmlns:xsi="http://www.w3.org/2001/XMLSchema-instance" xsi:noNamespaceSchemaLocation="https://maven.apache.org/surefire/maven-surefire-plugin/xsd/surefire-test-report-3.0.xsd" version="3.0" name="com.Transpiedecuesta.app.TranspiedecuestaApplicationTests" time="6.136" tests="1" errors="0" skipped="0" failures="0">
  <properties>
[...]
</properties>
  <testcase name="contextLoads" classname="com.Transpiedecuesta.app.TranspiedecuestaApplicationTests" time="0.757">
    <system-out><![CDATA[19:09:50.603 [main] INFO org.springframework.test.context.support.AnnotationConfigContextLoaderUtils -- Could not detect default configuration classes for test class [com.Transpiedecuesta.app.TranspiedecuestaApplicationTests]: TranspiedecuestaApplicationTests does not declare any static, non-private, non-final, nested classes annotated with @Configuration.
19:09:50.713 [main] INFO org.springframework.boot.test.context.SpringBootTestContextBootstrapper -- Found @SpringBootConfiguration com.Transpiedecuesta.TranspiedecuestaApplication for test class com.Transpiedecuesta.app.TranspiedecuestaApplicationTests
19:09:50.920 [main] INFO org.springframework.boot.devtools.restart.RestartApplicationListener -- Restart disabled due to context in which it is running

  .   ____          _            __ _ _
 /\\ / ___'_ __ _ _(_)_ __  __ _ \ \ \ \
( ( )\___ | '_ | '_| | '_ \/ _` | \ \ \ \
 \\/  ___)| |_)| | | | | || (_| |  ) ) ) )
  '  |____| .__|_| |_|_| |_\__, | / / / /
 =========|_|==============|___/=/_/_/_/

 :: Spring Boot ::                (v3.3.6)

2024-11-27T19:09:51.194-05:00  INFO 12360 --- [Transpiedecuesta] [           main] c.T.a.TranspiedecuestaApplicationTests   : Starting TranspiedecuestaApplicationTests using Java 17.0.10 with PID 12360 (started by Sebastianjr in D:\Spring Trabajos\Transpiedecuesta)
2024-11-27T19:09:51.196-05:00  INFO 12360 --- [Transpiedecuesta] [           main] c.T.a.TranspiedecuestaApplicationTests   : No active profile set, falling back to 1 default profile: "default"
2024-11-27T19:09:51.952-05:00  INFO 12360 --- [Transpiedecuesta] [           main] .s.d.r.c.RepositoryConfigurationDelegate : Multiple Spring Data modules found, entering strict repository configuration mode
2024-11-27T19:09:51.954-05:00  INFO 12360 --- [Transpiedecuesta] [           main] .s.d.r.c.RepositoryConfigurationDelegate : Bootstrapping Spring Data JPA repositories in DEFAULT mode.
2024-11-27T19:09:51.998-05:00  INFO 12360 --- [Transpiedecuesta] [           main] .RepositoryConfigurationExtensionSupport : Spring Data JPA - Could not safely identify store assignment for repository candidate interface com.Transpiedecuesta.repositories.BusRepository; If you want this repository to be a JPA repository, consider annotating your entities with one of these annotations: jakarta.persistence.Entity, jakarta.persistence.MappedSuperclass (preferred), or consider extending one of the following types with your repository: org.springframework.data.jpa.repository.JpaRepository
2024-11-27T19:09:52.000-05:00  INFO 12360 --- [Transpiedecuesta] [           main] .RepositoryConfigurationExtensionSupport : Spring Data JPA - Could not safely identify store assignment for repository candidate interface com.Transpiedecuesta.repositories.ContactoRepository; If you want this repository to be a JPA repository, consider annotating your entities with one of these annotations: jakarta.persistence.Entity, jakarta.persistence.MappedSuperclass (preferred), or consider extending one of the following types with your repository: org.springframework.data.jpa.repository.JpaRepository
2024-11-27T19:09:52.003-05:00  INFO 12360 --- [Transpiedecuesta] [           main] .RepositoryConfigurationExtensionSupport : Spring Data JPA - Could not safely identify store assignment for repository candidate interface com.Transpiedecuesta.repositories.HorarioRepository; If you want this repository to be a JPA repository, consider annotating your entities with one of these annotations: jakarta.persistence.Entity, jakarta.persistence.MappedSuperclass (preferred), or consider extending one of the following types with your repository: org.springframework.data.jpa.repository.JpaRepository
2024-11-27T19:09:52.005-05:00  INFO 12360 --- [Transpiedecuesta] [           main] .RepositoryConfigurationExtensionSupport : Spring Data JPA - Could not safely identify store assignment for repository candidate interface com.Transpiedecuesta.repositories.PromocionRepository; If you want this repository to be a JPA repository, consider annotating your entities with one of these annotations: jakarta.persistence.Entity, jakarta.persistence.MappedSuperclass (preferred), or consider extending one of the following types with your repository: org.springframework.data.jpa.repository.JpaRepository
2024-11-27T19:09:52.007-05:00  INFO 12360 --- [Transpiedecuesta] [           main] .RepositoryConfigurationExtensionSupport : Spring Data JPA - Could not safely identify store assignment for repository candidate interface com.Transpiedecuesta.repositories.RutaRepository; If you want this repository to be a JPA repository, consider annotating your entities with one of these annotations: jakarta.persistence.Entity, jakarta.persistence.MappedSuperclass (preferred), or consider extending one of the following types with your repository: org.springframework.data.jpa.repository.JpaRepository
2024-11-27T19:09:52.010-05:00  INFO 12360 --- [Transpiedecuesta] [           main] .RepositoryConfigurationExtensionSupport : Spring Data JPA - Could not safely identify store assignment for repository candidate interface com.Transpiedecuesta.repositories.TarifaRepository; If you want this repository to be a JPA repository, consider annotating your entities with one of these annotations: jakarta.persistence.Entity, jakarta.persistence.MappedSuperclass (preferred), or consider extending one of the following types with your repository: org.springframework.data.jpa.repository.JpaRepository
2024-11-27T19:09:52.012-05:00  INFO 12360 --- [Transpiedecuesta] [           main] .RepositoryConfigurationExtensionSupport : Spring Data JPA - Could not safely identify store assignment for repository candidate interface com.Transpiedecuesta.repositories.UsuarioRepository; If you want this repository to be a JPA repository, consider annotating your entities with one of these annotations: jakarta.persistence.Entity, jakarta.persistence.MappedSuperclass (preferred), or consider extending one of the following types with your repository: org.springframework.data.jpa.repository.JpaRepository
2024-11-27T19:09:52.013-05:00  INFO 12360 --- [Transpiedecuesta] [           main] .s.d.r.c.RepositoryConfigurationDelegate : Finished Spring Data repository scanning in 47 ms. Found 0 JPA repository interfaces.
2024-11-27T19:09:52.057-05:00  INFO 12360 --- [Transpiedecuesta] [           main] .s.d.r.c.RepositoryConfigurationDelegate : Multiple Spring Data modules found, entering strict repository configuration mode
2024-11-27T19:09:52.057-05:00  INFO 12360 --- [Transpiedecuesta] [           main] .s.d.r.c.RepositoryConfigurationDelegate : Bootstrapping Spring Data MongoDB repositories in DEFAULT mode.
2024-11-27T19:09:52.097-05:00  INFO 12360 --- [Transpiedecuesta] [           main] .s.d.r.c.RepositoryConfigurationDelegate : Finished Spring Data repository scanning in 39 ms. Found 7 MongoDB repository interfaces.
2024-11-27T19:09:52.683-05:00  INFO 12360 --- [Transpiedecuesta] [           main] com.zaxxer.hikari.HikariDataSource       : HikariPool-1 - Starting...
2024-11-27T19:09:52.930-05:00  INFO 12360 --- [Transpiedecuesta] [           main] com.zaxxer.hikari.pool.HikariPool        : HikariPool-1 - Added connection conn0: url=jdbc:h2:mem:fe60a49d-8b55-4088-87c2-6600d4651b7b user=SA
2024-11-27T19:09:52.932-05:00  INFO 12360 --- [Transpiedecuesta] [           main] com.zaxxer.hikari.HikariDataSource       : HikariPool-1 - Start completed.
2024-11-27T19:09:52.987-05:00  INFO 12360 --- [Transpiedecuesta] [           main] o.hibernate.jpa.internal.util.LogHelper  : HHH000204: Processing PersistenceUnitInfo [name: default]
2024-11-27T19:09:53.080-05:00  INFO 12360 --- [Transpiedecuesta] [           main] org.hibernate.Version                    : HHH000412: Hibernate ORM core version 6.5.3.Final
2024-11-27T19:09:53.143-05:00  INFO 12360 --- [Transpiedecuesta] [           main] o.h.c.internal.RegionFactoryInitiator    : HHH000026: Second-level cache disabled
2024-11-27T19:09:53.635-05:00  INFO 12360 --- [Transpiedecuesta] [           main] o.s.o.j.p.SpringPersistenceUnitInfo      : No LoadTimeWeaver setup: ignoring JPA class transformer
2024-11-27T19:09:54.144-05:00  INFO 12360 --- [Transpiedecuesta] [           main] o.h.e.t.j.p.i.JtaPlatformInitiator       : HHH000489: No JTA platform available (set 'hibernate.transaction.jta.platform' to enable JTA platform integration)
2024-11-27T19:09:54.150-05:00  INFO 12360 --- [Transpiedecuesta] [           main] j.LocalContainerEntityManagerFactoryBean : Initialized JPA EntityManagerFactory for persistence unit 'default'
2024-11-27T19:09:54.471-05:00  INFO 12360 --- [Transpiedecuesta] [           main] org.mongodb.driver.client                : MongoClient with metadata {"driver": {"name": "mongo-java-driver|sync|spring-boot", "version": "5.0.1"}, "os": {"type": "Windows", "name": "Windows 11", "architecture": "amd64", "version": "10.0"}, "platform": "Java/Eclipse Adoptium/17.0.10+7"} created with settings MongoClientSettings{readPreference=primary, writeConcern=WriteConcern{w=majority, wTimeout=null ms, journal=null}, retryWrites=true, retryReads=true, readConcern=ReadConcern{level=null}, credential=MongoCredential{mechanism=null, userName='Carlos', source='admin', password=<hidden>, mechanismProperties=<hidden>}, transportSettings=null, commandListeners=[], codecRegistry=ProvidersCodecRegistry{codecProviders=[ValueCodecProvider{}, BsonValueCodecProvider{}, DBRefCodecProvider{}, DBObjectCodecProvider{}, DocumentCodecProvider{}, CollectionCodecProvider{}, IterableCodecProvider{}, MapCodecProvider{}, GeoJsonCodecProvider{}, GridFSFileCodecProvider{}, Jsr310CodecProvider{}, JsonObjectCodecProvider{}, BsonCodecProvider{}, EnumCodecProvider{}, com.mongodb.client.model.mql.ExpressionCodecProvider@4ea43d4d, com.mongodb.Jep395RecordCodecProvider@6f22c1f1, com.mongodb.KotlinCodecProvider@2ee095c9]}, loggerSettings=LoggerSettings{maxDocumentLength=1000}, clusterSettings={hosts=[127.0.0.1:27017], srvHost=carlos.sbc6l.mongodb.net, srvServiceName=mongodb, mode=MULTIPLE, requiredClusterType=REPLICA_SET, requiredReplicaSetName='atlas-bruqjd-shard-0', serverSelector='null', clusterListeners='[]', serverSelectionTimeout='30000 ms', localThreshold='15 ms'}, socketSettings=SocketSettings{connectTimeoutMS=10000, readTimeoutMS=0, receiveBufferSize=0, proxySettings=ProxySettings{host=null, port=null, username=null, password=null}}, heartbeatSocketSettings=SocketSettings{connectTimeoutMS=10000, readTimeoutMS=10000, receiveBufferSize=0, proxySettings=ProxySettings{host=null, port=null, username=null, password=null}}, connectionPoolSettings=ConnectionPoolSettings{maxSize=100, minSize=10, maxWaitTimeMS=120000, maxConnectionLifeTimeMS=0, maxConnectionIdleTimeMS=0, maintenanceInitialDelayMS=0, maintenanceFrequencyMS=60000, connectionPoolListeners=[], maxConnecting=2}, serverSettings=ServerSettings{heartbeatFrequencyMS=10000, minHeartbeatFrequencyMS=500, serverListeners='[]', serverMonitorListeners='[]'}, sslSettings=SslSettings{enabled=true, invalidHostNameAllowed=false, context=null}, applicationName='null', compressorList=[], uuidRepresentation=JAVA_LEGACY, serverApi=null, autoEncryptionSettings=null, dnsClient=null, inetAddressResolver=null, contextProvider=null}
2024-11-27T19:09:54.567-05:00  INFO 12360 --- [Transpiedecuesta] [c6l.mongodb.net] org.mongodb.driver.cluster               : Adding discovered server carlos-shard-00-00.sbc6l.mongodb.net:27017 to client view of cluster
2024-11-27T19:09:54.599-05:00  INFO 12360 --- [Transpiedecuesta] [c6l.mongodb.net] org.mongodb.driver.cluster               : Adding discovered server carlos-shard-00-02.sbc6l.mongodb.net:27017 to client view of cluster
2024-11-27T19:09:54.603-05:00  INFO 12360 --- [Transpiedecuesta] [c6l.mongodb.net] org.mongodb.driver.cluster               : Adding discovered server carlos-shard-00-01.sbc6l.mongodb.net:27017 to client view of cluster
2024-11-27T19:09:55.219-05:00  WARN 12360 --- [Transpiedecuesta] [           main] JpaBaseConfiguration$JpaWebConfiguration : spring.jpa.open-in-view is enabled by default. Therefore, database queries may be performed during view rendering. Explicitly configure spring.jpa.open-in-view to disable this warning
2024-11-27T19:09:55.249-05:00  INFO 12360 --- [Transpiedecuesta] [           main] o.s.b.a.w.s.WelcomePageHandlerMapping    : Adding welcome page template: index
2024-11-27T19:09:55.767-05:00  INFO 12360 --- [Transpiedecuesta] [           main] c.T.a.TranspiedecuestaApplicationTests   : Started TranspiedecuestaApplicationTests in 4.865 seconds (process running for 6.03)
2024-11-27T19:09:55.855-05:00  INFO 12360 --- [Transpiedecuesta] [ngodb.net:27017] org.mongodb.driver.cluster               : Monitor thread successfully connected to server with description ServerDescription{address=carlos-shard-00-01.sbc6l.mongodb.net:27017, type=REPLICA_SET_SECONDARY, state=CONNECTED, ok=true, minWireVersion=0, maxWireVersion=25, maxDocumentSize=16777216, logicalSessionTimeoutMinutes=30, roundTripTimeNanos=718984100, setName='atlas-bruqjd-shard-0', canonicalAddress=carlos-shard-00-01.sbc6l.mongodb.net:27017, hosts=[carlos-shard-00-00.sbc6l.mongodb.net:27017, carlos-shard-00-01.sbc6l.mongodb.net:27017, carlos-shard-00-02.sbc6l.mongodb.net:27017], passives=[], arbiters=[], primary='carlos-shard-00-02.sbc6l.mongodb.net:27017', tagSet=TagSet{[Tag{name='availabilityZone', value='southamerica-east1-b'}, Tag{name='diskState', value='READY'}, Tag{name='nodeType', value='ELECTABLE'}, Tag{name='provider', value='GCP'}, Tag{name='region', value='SOUTH_AMERICA_EAST_1'}, Tag{name='workloadType', value='OPERATIONAL'}]}, electionId=null, setVersion=1, topologyVersion=TopologyVersion{processId=6743dd46c5390a63c07ee778, counter=5}, lastWriteDate=Wed Nov 27 19:09:54 COT 2024, lastUpdateTimeNanos=173088327282700}
2024-11-27T19:09:55.855-05:00  INFO 12360 --- [Transpiedecuesta] [ngodb.net:27017] org.mongodb.driver.cluster               : Monitor thread successfully connected to server with description ServerDescription{address=carlos-shard-00-00.sbc6l.mongodb.net:27017, type=REPLICA_SET_SECONDARY, state=CONNECTED, ok=true, minWireVersion=0, maxWireVersion=25, maxDocumentSize=16777216, logicalSessionTimeoutMinutes=30, roundTripTimeNanos=718973800, setName='atlas-bruqjd-shard-0', canonicalAddress=carlos-shard-00-00.sbc6l.mongodb.net:27017, hosts=[carlos-shard-00-00.sbc6l.mongodb.net:27017, carlos-shard-00-01.sbc6l.mongodb.net:27017, carlos-shard-00-02.sbc6l.mongodb.net:27017], passives=[], arbiters=[], primary='carlos-shard-00-02.sbc6l.mongodb.net:27017', tagSet=TagSet{[Tag{name='availabilityZone', value='southamerica-east1-a'}, Tag{name='diskState', value='READY'}, Tag{name='nodeType', value='ELECTABLE'}, Tag{name='provider', value='GCP'}, Tag{name='region', value='SOUTH_AMERICA_EAST_1'}, Tag{name='workloadType', value='OPERATIONAL'}]}, electionId=null, setVersion=1, topologyVersion=TopologyVersion{processId=6743dd4782a117e027af6321, counter=9}, lastWriteDate=Wed Nov 27 19:09:54 COT 2024, lastUpdateTimeNanos=173088327279800}
2024-11-27T19:09:55.855-05:00  INFO 12360 --- [Transpiedecuesta] [ngodb.net:27017] org.mongodb.driver.cluster               : Monitor thread successfully connected to server with description ServerDescription{address=carlos-shard-00-02.sbc6l.mongodb.net:27017, type=REPLICA_SET_PRIMARY, state=CONNECTED, ok=true, minWireVersion=0, maxWireVersion=25, maxDocumentSize=16777216, logicalSessionTimeoutMinutes=30, roundTripTimeNanos=718984100, setName='atlas-bruqjd-shard-0', canonicalAddress=carlos-shard-00-02.sbc6l.mongodb.net:27017, hosts=[carlos-shard-00-00.sbc6l.mongodb.net:27017, carlos-shard-00-01.sbc6l.mongodb.net:27017, carlos-shard-00-02.sbc6l.mongodb.net:27017], passives=[], arbiters=[], primary='carlos-shard-00-02.sbc6l.mongodb.net:27017', tagSet=TagSet{[Tag{name='availabilityZone', value='southamerica-east1-c'}, Tag{name='diskState', value='READY'}, Tag{name='nodeType', value='ELECTABLE'}, Tag{name='provider', value='GCP'}, Tag{name='region', value='SOUTH_AMERICA_EAST_1'}, Tag{name='workloadType', value='OPERATIONAL'}]}, electionId=7fffffff0000000000000002, setVersion=1, topologyVersion=TopologyVersion{processId=6743dd4500540f0e8a4aa622, counter=7}, lastWriteDate=Wed Nov 27 19:09:54 COT 2024, lastUpdateTimeNanos=173088327282300}
2024-11-27T19:09:55.860-05:00  INFO 12360 --- [Transpiedecuesta] [ngodb.net:27017] org.mongodb.driver.cluster               : Discovered replica set primary carlos-shard-00-02.sbc6l.mongodb.net:27017 with max election id 7fffffff0000000000000002 and max set version 1
]]></system-out>
  </testcase>
</testsuite>